{"level":"info","message":"Environment variables successfully validated","service":"deep-research-backend","timestamp":"2026-03-21 11:15:17"}
{"level":"info","message":"🚀 Backend Server running on port 5000 in development mode","service":"deep-research-backend","timestamp":"2026-03-21 11:15:19"}
{"level":"info","message":"📚 API Documentation: http://localhost:5000","service":"deep-research-backend","timestamp":"2026-03-21 11:15:19"}
{"level":"info","message":"🏥 Health Check: http://localhost:5000/health","service":"deep-research-backend","timestamp":"2026-03-21 11:15:19"}
{"level":"info","message":"Environment variables successfully validated","service":"deep-research-backend","timestamp":"2026-03-21 11:18:02"}
{"level":"info","message":"🚀 Backend Server running on port 5000 in development mode","service":"deep-research-backend","timestamp":"2026-03-21 11:18:05"}
{"level":"info","message":"📚 API Documentation: http://localhost:5000","service":"deep-research-backend","timestamp":"2026-03-21 11:18:05"}
{"level":"info","message":"🏥 Health Check: http://localhost:5000/health","service":"deep-research-backend","timestamp":"2026-03-21 11:18:05"}
{"level":"info","message":"Environment variables successfully validated","service":"deep-research-backend","timestamp":"2026-03-21 11:19:25"}
{"level":"info","message":"🚀 Backend Server running on port 5000 in development mode","service":"deep-research-backend","timestamp":"2026-03-21 11:19:27"}
{"level":"info","message":"📚 API Documentation: http://localhost:5000","service":"deep-research-backend","timestamp":"2026-03-21 11:19:27"}
{"level":"info","message":"🏥 Health Check: http://localhost:5000/health","service":"deep-research-backend","timestamp":"2026-03-21 11:19:27"}
{"error":"Request failed with status code 404","level":"warn","message":"Retry attempt 1/3 after 1000ms","service":"deep-research-backend","timestamp":"2026-03-21 11:19:45"}
{"error":"Request failed with status code 404","level":"warn","message":"Retry attempt 2/3 after 2000ms","service":"deep-research-backend","timestamp":"2026-03-21 11:19:46"}
{"error":"Request failed with status code 404","level":"warn","message":"Retry attempt 3/3 after 4000ms","service":"deep-research-backend","timestamp":"2026-03-21 11:19:48"}
{"error":"Request failed with status code 404","level":"error","message":"n8n chat service failed after retries","processingTime":7170,"service":"deep-research-backend","statusCode":404,"timestamp":"2026-03-21 11:19:52"}
{"error":"Chat validation failed: answer: Answer is required","level":"error","message":"Chat processing error","service":"deep-research-backend","timestamp":"2026-03-21 11:19:52","userId":"69be274d3713d902de8bc310"}
{"level":"error","message":"Error: Failed to process chat message stack: Error: Failed to process chat message\n    at Object.serverError (K:\\program\\Project\\Deep_Research_Assistant\\backend\\utils\\errorHandler.js:35:64)\n    at K:\\program\\Project\\Deep_Research_Assistant\\backend\\controllers\\chatController.js:82:30\n    at process.processTicksAndRejections (node:internal/process/task_queues:103:5)","method":"POST","path":"/api/chat","service":"deep-research-backend","statusCode":500,"timestamp":"2026-03-21 11:19:52"}
{"level":"info","message":"\u001b[0mPOST /api/chat \u001b[31m500\u001b[0m 7295.458 ms - 424\u001b[0m","service":"deep-research-backend","timestamp":"2026-03-21 11:19:52"}
{"error":"Request failed with status code 404","level":"warn","message":"Retry attempt 1/3 after 1000ms","service":"deep-research-backend","timestamp":"2026-03-21 11:19:54"}
{"error":"Request failed with status code 404","level":"warn","message":"Retry attempt 2/3 after 2000ms","service":"deep-research-backend","timestamp":"2026-03-21 11:19:55"}
{"error":"Request failed with status code 404","level":"warn","message":"Retry attempt 3/3 after 4000ms","service":"deep-research-backend","timestamp":"2026-03-21 11:19:57"}
{"error":"Request failed with status code 404","level":"error","message":"n8n chat service failed after retries","processingTime":7438,"service":"deep-research-backend","statusCode":404,"timestamp":"2026-03-21 11:20:01"}
{"error":"Chat validation failed: answer: Answer is required","level":"error","message":"Chat processing error","service":"deep-research-backend","timestamp":"2026-03-21 11:20:01","userId":"69be274d3713d902de8bc310"}
{"level":"error","message":"Error: Failed to process chat message stack: Error: Failed to process chat message\n    at Object.serverError (K:\\program\\Project\\Deep_Research_Assistant\\backend\\utils\\errorHandler.js:35:64)\n    at K:\\program\\Project\\Deep_Research_Assistant\\backend\\controllers\\chatController.js:82:30\n    at process.processTicksAndRejections (node:internal/process/task_queues:103:5)","method":"POST","path":"/api/chat","service":"deep-research-backend","statusCode":500,"timestamp":"2026-03-21 11:20:01"}
{"level":"info","message":"\u001b[0mPOST /api/chat \u001b[31m500\u001b[0m 7451.963 ms - 424\u001b[0m","service":"deep-research-backend","timestamp":"2026-03-21 11:20:01"}
{"error":"Request failed with status code 404","level":"warn","message":"Retry attempt 1/3 after 1000ms","service":"deep-research-backend","timestamp":"2026-03-21 11:20:03"}
{"error":"Request failed with status code 404","level":"warn","message":"Retry attempt 2/3 after 2000ms","service":"deep-research-backend","timestamp":"2026-03-21 11:20:04"}
{"error":"Request failed with status code 404","level":"warn","message":"Retry attempt 3/3 after 4000ms","service":"deep-research-backend","timestamp":"2026-03-21 11:20:06"}
{"error":"Request failed with status code 404","level":"error","message":"n8n chat service failed after retries","processingTime":7086,"service":"deep-research-backend","statusCode":404,"timestamp":"2026-03-21 11:20:10"}
{"error":"Chat validation failed: answer: Answer is required","level":"error","message":"Chat processing error","service":"deep-research-backend","timestamp":"2026-03-21 11:20:10","userId":"69be274d3713d902de8bc310"}
{"level":"error","message":"Error: Failed to process chat message stack: Error: Failed to process chat message\n    at Object.serverError (K:\\program\\Project\\Deep_Research_Assistant\\backend\\utils\\errorHandler.js:35:64)\n    at K:\\program\\Project\\Deep_Research_Assistant\\backend\\controllers\\chatController.js:82:30\n    at process.processTicksAndRejections (node:internal/process/task_queues:103:5)","method":"POST","path":"/api/chat","service":"deep-research-backend","statusCode":500,"timestamp":"2026-03-21 11:20:10"}
{"level":"info","message":"\u001b[0mPOST /api/chat \u001b[31m500\u001b[0m 7102.056 ms - 424\u001b[0m","service":"deep-research-backend","timestamp":"2026-03-21 11:20:10"}
{"error":"Request failed with status code 404","level":"warn","message":"Retry attempt 1/3 after 1000ms","service":"deep-research-backend","timestamp":"2026-03-21 11:23:18"}
{"error":"Request failed with status code 404","level":"warn","message":"Retry attempt 2/3 after 2000ms","service":"deep-research-backend","timestamp":"2026-03-21 11:23:19"}
{"error":"Request failed with status code 404","level":"warn","message":"Retry attempt 3/3 after 4000ms","service":"deep-research-backend","timestamp":"2026-03-21 11:23:21"}
{"error":"Request failed with status code 404","level":"error","message":"n8n chat service failed after retries","processingTime":7073,"service":"deep-research-backend","statusCode":404,"timestamp":"2026-03-21 11:23:25"}
{"error":"Chat validation failed: answer: Answer is required","level":"error","message":"Chat processing error","service":"deep-research-backend","timestamp":"2026-03-21 11:23:25","userId":"69be274d3713d902de8bc310"}
{"level":"error","message":"Error: Failed to process chat message stack: Error: Failed to process chat message\n    at Object.serverError (K:\\program\\Project\\Deep_Research_Assistant\\backend\\utils\\errorHandler.js:35:64)\n    at K:\\program\\Project\\Deep_Research_Assistant\\backend\\controllers\\chatController.js:82:30\n    at process.processTicksAndRejections (node:internal/process/task_queues:103:5)","method":"POST","path":"/api/chat","service":"deep-research-backend","statusCode":500,"timestamp":"2026-03-21 11:23:25"}
{"level":"info","message":"\u001b[0mPOST /api/chat \u001b[31m500\u001b[0m 7085.036 ms - 424\u001b[0m","service":"deep-research-backend","timestamp":"2026-03-21 11:23:25"}
{"error":"Request failed with status code 404","level":"warn","message":"Retry attempt 1/3 after 1000ms","service":"deep-research-backend","timestamp":"2026-03-21 11:23:26"}
{"error":"Request failed with status code 404","level":"warn","message":"Retry attempt 2/3 after 2000ms","service":"deep-research-backend","timestamp":"2026-03-21 11:23:27"}
{"error":"Request failed with status code 404","level":"warn","message":"Retry attempt 3/3 after 4000ms","service":"deep-research-backend","timestamp":"2026-03-21 11:23:29"}
{"error":"Request failed with status code 404","level":"error","message":"n8n chat service failed after retries","processingTime":7079,"service":"deep-research-backend","statusCode":404,"timestamp":"2026-03-21 11:23:33"}
{"error":"Chat validation failed: answer: Answer is required","level":"error","message":"Chat processing error","service":"deep-research-backend","timestamp":"2026-03-21 11:23:33","userId":"69be274d3713d902de8bc310"}
{"level":"error","message":"Error: Failed to process chat message stack: Error: Failed to process chat message\n    at Object.serverError (K:\\program\\Project\\Deep_Research_Assistant\\backend\\utils\\errorHandler.js:35:64)\n    at K:\\program\\Project\\Deep_Research_Assistant\\backend\\controllers\\chatController.js:82:30\n    at process.processTicksAndRejections (node:internal/process/task_queues:103:5)","method":"POST","path":"/api/chat","service":"deep-research-backend","statusCode":500,"timestamp":"2026-03-21 11:23:33"}
{"level":"info","message":"\u001b[0mPOST /api/chat \u001b[31m500\u001b[0m 7090.336 ms - 424\u001b[0m","service":"deep-research-backend","timestamp":"2026-03-21 11:23:33"}
{"error":"Request failed with status code 404","level":"warn","message":"Retry attempt 1/3 after 1000ms","service":"deep-research-backend","timestamp":"2026-03-21 11:23:35"}
{"error":"Request failed with status code 404","level":"warn","message":"Retry attempt 2/3 after 2000ms","service":"deep-research-backend","timestamp":"2026-03-21 11:23:36"}
{"error":"Request failed with status code 404","level":"warn","message":"Retry attempt 3/3 after 4000ms","service":"deep-research-backend","timestamp":"2026-03-21 11:23:38"}
{"error":"Request failed with status code 404","level":"error","message":"n8n chat service failed after retries","processingTime":7069,"service":"deep-research-backend","statusCode":404,"timestamp":"2026-03-21 11:23:42"}
{"error":"Chat validation failed: answer: Answer is required","level":"error","message":"Chat processing error","service":"deep-research-backend","timestamp":"2026-03-21 11:23:42","userId":"69be274d3713d902de8bc310"}
{"level":"error","message":"Error: Failed to process chat message stack: Error: Failed to process chat message\n    at Object.serverError (K:\\program\\Project\\Deep_Research_Assistant\\backend\\utils\\errorHandler.js:35:64)\n    at K:\\program\\Project\\Deep_Research_Assistant\\backend\\controllers\\chatController.js:82:30\n    at process.processTicksAndRejections (node:internal/process/task_queues:103:5)","method":"POST","path":"/api/chat","service":"deep-research-backend","statusCode":500,"timestamp":"2026-03-21 11:23:42"}
{"level":"info","message":"\u001b[0mPOST /api/chat \u001b[31m500\u001b[0m 7079.032 ms - 424\u001b[0m","service":"deep-research-backend","timestamp":"2026-03-21 11:23:42"}
{"error":"Request failed with status code 500","level":"warn","message":"Retry attempt 1/3 after 1000ms","service":"deep-research-backend","timestamp":"2026-03-21 11:32:18"}
{"error":"Request failed with status code 500","level":"warn","message":"Retry attempt 2/3 after 2000ms","service":"deep-research-backend","timestamp":"2026-03-21 11:32:19"}
{"error":"Request failed with status code 500","level":"warn","message":"Retry attempt 3/3 after 4000ms","service":"deep-research-backend","timestamp":"2026-03-21 11:32:21"}
{"error":"Request failed with status code 500","level":"error","message":"n8n chat service failed after retries","processingTime":7391,"service":"deep-research-backend","statusCode":500,"timestamp":"2026-03-21 11:32:26"}
{"error":"Chat validation failed: answer: Answer is required","level":"error","message":"Chat processing error","service":"deep-research-backend","timestamp":"2026-03-21 11:32:26","userId":"69be274d3713d902de8bc310"}
{"level":"error","message":"Error: Failed to process chat message stack: Error: Failed to process chat message\n    at Object.serverError (K:\\program\\Project\\Deep_Research_Assistant\\backend\\utils\\errorHandler.js:35:64)\n    at K:\\program\\Project\\Deep_Research_Assistant\\backend\\controllers\\chatController.js:82:30\n    at process.processTicksAndRejections (node:internal/process/task_queues:103:5)","method":"POST","path":"/api/chat","service":"deep-research-backend","statusCode":500,"timestamp":"2026-03-21 11:32:26"}
{"level":"info","message":"\u001b[0mPOST /api/chat \u001b[31m500\u001b[0m 7402.209 ms - 424\u001b[0m","service":"deep-research-backend","timestamp":"2026-03-21 11:32:26"}
{"error":"Request failed with status code 500","level":"warn","message":"Retry attempt 1/3 after 1000ms","service":"deep-research-backend","timestamp":"2026-03-21 11:32:27"}
{"error":"Request failed with status code 500","level":"warn","message":"Retry attempt 2/3 after 2000ms","service":"deep-research-backend","timestamp":"2026-03-21 11:32:28"}
{"error":"Request failed with status code 500","level":"warn","message":"Retry attempt 3/3 after 4000ms","service":"deep-research-backend","timestamp":"2026-03-21 11:32:30"}
{"error":"Request failed with status code 500","level":"error","message":"n8n chat service failed after retries","processingTime":7127,"service":"deep-research-backend","statusCode":500,"timestamp":"2026-03-21 11:32:34"}
{"error":"Chat validation failed: answer: Answer is required","level":"error","message":"Chat processing error","service":"deep-research-backend","timestamp":"2026-03-21 11:32:34","userId":"69be274d3713d902de8bc310"}
{"level":"error","message":"Error: Failed to process chat message stack: Error: Failed to process chat message\n    at Object.serverError (K:\\program\\Project\\Deep_Research_Assistant\\backend\\utils\\errorHandler.js:35:64)\n    at K:\\program\\Project\\Deep_Research_Assistant\\backend\\controllers\\chatController.js:82:30\n    at process.processTicksAndRejections (node:internal/process/task_queues:103:5)","method":"POST","path":"/api/chat","service":"deep-research-backend","statusCode":500,"timestamp":"2026-03-21 11:32:34"}
{"level":"info","message":"\u001b[0mPOST /api/chat \u001b[31m500\u001b[0m 7136.563 ms - 424\u001b[0m","service":"deep-research-backend","timestamp":"2026-03-21 11:32:34"}
{"error":"Request failed with status code 500","level":"warn","message":"Retry attempt 1/3 after 1000ms","service":"deep-research-backend","timestamp":"2026-03-21 11:32:36"}
{"error":"Request failed with status code 500","level":"warn","message":"Retry attempt 2/3 after 2000ms","service":"deep-research-backend","timestamp":"2026-03-21 11:32:37"}
{"error":"Request failed with status code 500","level":"warn","message":"Retry attempt 3/3 after 4000ms","service":"deep-research-backend","timestamp":"2026-03-21 11:32:39"}
{"error":"Request failed with status code 500","level":"error","message":"n8n chat service failed after retries","processingTime":7117,"service":"deep-research-backend","statusCode":500,"timestamp":"2026-03-21 11:32:43"}
{"error":"Chat validation failed: answer: Answer is required","level":"error","message":"Chat processing error","service":"deep-research-backend","timestamp":"2026-03-21 11:32:43","userId":"69be274d3713d902de8bc310"}
{"level":"error","message":"Error: Failed to process chat message stack: Error: Failed to process chat message\n    at Object.serverError (K:\\program\\Project\\Deep_Research_Assistant\\backend\\utils\\errorHandler.js:35:64)\n    at K:\\program\\Project\\Deep_Research_Assistant\\backend\\controllers\\chatController.js:82:30\n    at process.processTicksAndRejections (node:internal/process/task_queues:103:5)","method":"POST","path":"/api/chat","service":"deep-research-backend","statusCode":500,"timestamp":"2026-03-21 11:32:43"}
{"level":"info","message":"\u001b[0mPOST /api/chat \u001b[31m500\u001b[0m 7126.239 ms - 424\u001b[0m","service":"deep-research-backend","timestamp":"2026-03-21 11:32:43"}
{"error":"Request failed with status code 500","level":"warn","message":"Retry attempt 1/3 after 1000ms","service":"deep-research-backend","timestamp":"2026-03-21 11:34:07"}
{"error":"Request failed with status code 500","level":"warn","message":"Retry attempt 2/3 after 2000ms","service":"deep-research-backend","timestamp":"2026-03-21 11:34:08"}
{"error":"Request failed with status code 500","level":"warn","message":"Retry attempt 3/3 after 4000ms","service":"deep-research-backend","timestamp":"2026-03-21 11:34:10"}
{"error":"Request failed with status code 500","level":"error","message":"n8n chat service failed after retries","processingTime":7167,"service":"deep-research-backend","statusCode":500,"timestamp":"2026-03-21 11:34:14"}
{"error":"Chat validation failed: answer: Answer is required","level":"error","message":"Chat processing error","service":"deep-research-backend","timestamp":"2026-03-21 11:34:14","userId":"69be274d3713d902de8bc310"}
{"level":"error","message":"Error: Failed to process chat message stack: Error: Failed to process chat message\n    at Object.serverError (K:\\program\\Project\\Deep_Research_Assistant\\backend\\utils\\errorHandler.js:35:64)\n    at K:\\program\\Project\\Deep_Research_Assistant\\backend\\controllers\\chatController.js:82:30\n    at process.processTicksAndRejections (node:internal/process/task_queues:103:5)","method":"POST","path":"/api/chat","service":"deep-research-backend","statusCode":500,"timestamp":"2026-03-21 11:34:14"}
{"level":"info","message":"\u001b[0mPOST /api/chat \u001b[31m500\u001b[0m 7176.791 ms - 424\u001b[0m","service":"deep-research-backend","timestamp":"2026-03-21 11:34:14"}
{"error":"Request failed with status code 500","level":"warn","message":"Retry attempt 1/3 after 1000ms","service":"deep-research-backend","timestamp":"2026-03-21 11:34:16"}
{"error":"Request failed with status code 500","level":"warn","message":"Retry attempt 2/3 after 2000ms","service":"deep-research-backend","timestamp":"2026-03-21 11:34:17"}
{"error":"Request failed with status code 500","level":"warn","message":"Retry attempt 3/3 after 4000ms","service":"deep-research-backend","timestamp":"2026-03-21 11:34:19"}
{"error":"Request failed with status code 500","level":"error","message":"n8n chat service failed after retries","processingTime":7134,"service":"deep-research-backend","statusCode":500,"timestamp":"2026-03-21 11:34:23"}
{"error":"Chat validation failed: answer: Answer is required","level":"error","message":"Chat processing error","service":"deep-research-backend","timestamp":"2026-03-21 11:34:23","userId":"69be274d3713d902de8bc310"}
{"level":"error","message":"Error: Failed to process chat message stack: Error: Failed to process chat message\n    at Object.serverError (K:\\program\\Project\\Deep_Research_Assistant\\backend\\utils\\errorHandler.js:35:64)\n    at K:\\program\\Project\\Deep_Research_Assistant\\backend\\controllers\\chatController.js:82:30\n    at process.processTicksAndRejections (node:internal/process/task_queues:103:5)","method":"POST","path":"/api/chat","service":"deep-research-backend","statusCode":500,"timestamp":"2026-03-21 11:34:23"}
{"level":"info","message":"\u001b[0mPOST /api/chat \u001b[31m500\u001b[0m 7143.024 ms - 424\u001b[0m","service":"deep-research-backend","timestamp":"2026-03-21 11:34:23"}
{"error":"Request failed with status code 500","level":"warn","message":"Retry attempt 1/3 after 1000ms","service":"deep-research-backend","timestamp":"2026-03-21 11:34:24"}
{"error":"Request failed with status code 500","level":"warn","message":"Retry attempt 2/3 after 2000ms","service":"deep-research-backend","timestamp":"2026-03-21 11:34:25"}
{"error":"Request failed with status code 500","level":"warn","message":"Retry attempt 3/3 after 4000ms","service":"deep-research-backend","timestamp":"2026-03-21 11:34:27"}
{"level":"info","message":"Received SIGINT. Starting graceful shutdown...","service":"deep-research-backend","timestamp":"2026-03-21 11:34:31"}
{"level":"info","message":"Environment variables successfully validated","service":"deep-research-backend","timestamp":"2026-03-21 11:37:59"}
{"level":"info","message":"🚀 Backend Server running on port 5000 in development mode","service":"deep-research-backend","timestamp":"2026-03-21 11:38:02"}
{"level":"info","message":"📚 API Documentation: http://localhost:5000","service":"deep-research-backend","timestamp":"2026-03-21 11:38:02"}
{"level":"info","message":"🏥 Health Check: http://localhost:5000/health","service":"deep-research-backend","timestamp":"2026-03-21 11:38:02"}
{"level":"info","message":"Environment variables successfully validated","service":"deep-research-backend","timestamp":"2026-03-21 11:39:14"}
{"level":"info","message":"🚀 Backend Server running on port 5000 in development mode","service":"deep-research-backend","timestamp":"2026-03-21 11:39:16"}
{"level":"info","message":"📚 API Documentation: http://localhost:5000","service":"deep-research-backend","timestamp":"2026-03-21 11:39:16"}
{"level":"info","message":"🏥 Health Check: http://localhost:5000/health","service":"deep-research-backend","timestamp":"2026-03-21 11:39:16"}
{"error":"Request failed with status code 404","level":"warn","message":"Retry attempt 1/3 after 1000ms","service":"deep-research-backend","timestamp":"2026-03-21 11:39:25"}
{"error":"Request failed with status code 404","level":"warn","message":"Retry attempt 2/3 after 2000ms","service":"deep-research-backend","timestamp":"2026-03-21 11:39:26"}
{"error":"Request failed with status code 404","level":"warn","message":"Retry attempt 3/3 after 4000ms","service":"deep-research-backend","timestamp":"2026-03-21 11:39:28"}
{"error":"Request failed with status code 404","level":"error","message":"n8n chat service failed after retries","processingTime":7058,"service":"deep-research-backend","statusCode":404,"timestamp":"2026-03-21 11:39:32"}
{"chatId":"69be361c24356c50a66e1870","level":"info","message":"Chat message processed","processingTime":7090,"service":"deep-research-backend","timestamp":"2026-03-21 11:39:32","userId":"69be274d3713d902de8bc310"}
{"level":"info","message":"\u001b[0mPOST /api/chat \u001b[32m200\u001b[0m 7153.679 ms - 292\u001b[0m","service":"deep-research-backend","timestamp":"2026-03-21 11:39:32"}
{"level":"info","message":"Received SIGINT. Starting graceful shutdown...","service":"deep-research-backend","timestamp":"2026-03-21 11:48:50"}
{"level":"info","message":"Environment variables successfully validated","service":"deep-research-backend","timestamp":"2026-03-21 11:49:13"}
{"level":"info","message":"🚀 Backend Server running on port 5000 in development mode","service":"deep-research-backend","timestamp":"2026-03-21 11:49:15"}
{"level":"info","message":"📚 API Documentation: http://localhost:5000","service":"deep-research-backend","timestamp":"2026-03-21 11:49:15"}
{"level":"info","message":"🏥 Health Check: http://localhost:5000/health","service":"deep-research-backend","timestamp":"2026-03-21 11:49:15"}
{"level":"info","message":"Environment variables successfully validated","service":"deep-research-backend","timestamp":"2026-03-21 12:00:21"}
{"level":"info","message":"🚀 Backend Server running on port 5000 in development mode","service":"deep-research-backend","timestamp":"2026-03-21 12:00:23"}
{"level":"info","message":"📚 API Documentation: http://localhost:5000","service":"deep-research-backend","timestamp":"2026-03-21 12:00:23"}
{"level":"info","message":"🏥 Health Check: http://localhost:5000/health","service":"deep-research-backend","timestamp":"2026-03-21 12:00:23"}
{"level":"info","message":"Received SIGINT. Starting graceful shutdown...","service":"deep-research-backend","timestamp":"2026-03-21 12:33:15"}
{"level":"info","message":"Environment variables successfully validated","service":"deep-research-backend","timestamp":"2026-03-21 12:33:19"}
{"level":"info","message":"🚀 Backend Server running on port 5000 in development mode","service":"deep-research-backend","timestamp":"2026-03-21 12:33:21"}
{"level":"info","message":"📚 API Documentation: http://localhost:5000","service":"deep-research-backend","timestamp":"2026-03-21 12:33:21"}
{"level":"info","message":"🏥 Health Check: http://localhost:5000/health","service":"deep-research-backend","timestamp":"2026-03-21 12:33:21"}
{"level":"error","message":"Error: Only PDFs are allowed for RAG ingestion stack: Error: Only PDFs are allowed for RAG ingestion\n    at fileFilter (K:\\program\\Project\\Deep_Research_Assistant\\backend\\routes\\uploadRoutes.js:19:10)\n    at wrappedFileFilter (K:\\program\\Project\\Deep_Research_Assistant\\backend\\node_modules\\multer\\index.js:44:7)\n    at Multipart.<anonymous> (K:\\program\\Project\\Deep_Research_Assistant\\backend\\node_modules\\multer\\lib\\make-middleware.js:109:7)\n    at Multipart.emit (node:events:508:28)\n    at HeaderParser.cb (K:\\program\\Project\\Deep_Research_Assistant\\backend\\node_modules\\busboy\\lib\\types\\multipart.js:358:14)\n    at HeaderParser.push (K:\\program\\Project\\Deep_Research_Assistant\\backend\\node_modules\\busboy\\lib\\types\\multipart.js:162:20)\n    at SBMH.ssCb [as _cb] (K:\\program\\Project\\Deep_Research_Assistant\\backend\\node_modules\\busboy\\lib\\types\\multipart.js:394:37)\n    at feed (K:\\program\\Project\\Deep_Research_Assistant\\backend\\node_modules\\streamsearch\\lib\\sbmh.js:219:14)\n    at SBMH.push (K:\\program\\Project\\Deep_Research_Assistant\\backend\\node_modules\\streamsearch\\lib\\sbmh.js:104:16)\n    at Multipart._write (K:\\program\\Project\\Deep_Research_Assistant\\backend\\node_modules\\busboy\\lib\\types\\multipart.js:567:19)","method":"POST","path":"/api/v1/uploads","service":"deep-research-backend","statusCode":500,"timestamp":"2026-03-21 12:33:42"}
{"level":"info","message":"\u001b[0mPOST /api/v1/uploads \u001b[31m500\u001b[0m 42.150 ms - 1347\u001b[0m","service":"deep-research-backend","timestamp":"2026-03-21 12:33:42"}
{"level":"error","message":"Error: Only PDFs are allowed for RAG ingestion stack: Error: Only PDFs are allowed for RAG ingestion\n    at fileFilter (K:\\program\\Project\\Deep_Research_Assistant\\backend\\routes\\uploadRoutes.js:19:10)\n    at wrappedFileFilter (K:\\program\\Project\\Deep_Research_Assistant\\backend\\node_modules\\multer\\index.js:44:7)\n    at Multipart.<anonymous> (K:\\program\\Project\\Deep_Research_Assistant\\backend\\node_modules\\multer\\lib\\make-middleware.js:109:7)\n    at Multipart.emit (node:events:508:28)\n    at HeaderParser.cb (K:\\program\\Project\\Deep_Research_Assistant\\backend\\node_modules\\busboy\\lib\\types\\multipart.js:358:14)\n    at HeaderParser.push (K:\\program\\Project\\Deep_Research_Assistant\\backend\\node_modules\\busboy\\lib\\types\\multipart.js:162:20)\n    at SBMH.ssCb [as _cb] (K:\\program\\Project\\Deep_Research_Assistant\\backend\\node_modules\\busboy\\lib\\types\\multipart.js:394:37)\n    at feed (K:\\program\\Project\\Deep_Research_Assistant\\backend\\node_modules\\streamsearch\\lib\\sbmh.js:219:14)\n    at SBMH.push (K:\\program\\Project\\Deep_Research_Assistant\\backend\\node_modules\\streamsearch\\lib\\sbmh.js:104:16)\n    at Multipart._write (K:\\program\\Project\\Deep_Research_Assistant\\backend\\node_modules\\busboy\\lib\\types\\multipart.js:567:19)","method":"POST","path":"/api/v1/uploads","service":"deep-research-backend","statusCode":500,"timestamp":"2026-03-21 12:33:43"}
{"level":"info","message":"\u001b[0mPOST /api/v1/uploads \u001b[31m500\u001b[0m 9.209 ms - 1347\u001b[0m","service":"deep-research-backend","timestamp":"2026-03-21 12:33:43"}
{"level":"error","message":"Error: Only PDFs are allowed for RAG ingestion stack: Error: Only PDFs are allowed for RAG ingestion\n    at fileFilter (K:\\program\\Project\\Deep_Research_Assistant\\backend\\routes\\uploadRoutes.js:19:10)\n    at wrappedFileFilter (K:\\program\\Project\\Deep_Research_Assistant\\backend\\node_modules\\multer\\index.js:44:7)\n    at Multipart.<anonymous> (K:\\program\\Project\\Deep_Research_Assistant\\backend\\node_modules\\multer\\lib\\make-middleware.js:109:7)\n    at Multipart.emit (node:events:508:28)\n    at HeaderParser.cb (K:\\program\\Project\\Deep_Research_Assistant\\backend\\node_modules\\busboy\\lib\\types\\multipart.js:358:14)\n    at HeaderParser.push (K:\\program\\Project\\Deep_Research_Assistant\\backend\\node_modules\\busboy\\lib\\types\\multipart.js:162:20)\n    at SBMH.ssCb [as _cb] (K:\\program\\Project\\Deep_Research_Assistant\\backend\\node_modules\\busboy\\lib\\types\\multipart.js:394:37)\n    at feed (K:\\program\\Project\\Deep_Research_Assistant\\backend\\node_modules\\streamsearch\\lib\\sbmh.js:219:14)\n    at SBMH.push (K:\\program\\Project\\Deep_Research_Assistant\\backend\\node_modules\\streamsearch\\lib\\sbmh.js:104:16)\n    at Multipart._write (K:\\program\\Project\\Deep_Research_Assistant\\backend\\node_modules\\busboy\\lib\\types\\multipart.js:567:19)","method":"POST","path":"/api/v1/uploads","service":"deep-research-backend","statusCode":500,"timestamp":"2026-03-21 12:33:44"}
{"level":"info","message":"\u001b[0mPOST /api/v1/uploads \u001b[31m500\u001b[0m 6.796 ms - 1347\u001b[0m","service":"deep-research-backend","timestamp":"2026-03-21 12:33:44"}
{"level":"info","message":"\u001b[0mPOST /api/v1/uploads \u001b[33m429\u001b[0m 4.359 ms - 88\u001b[0m","service":"deep-research-backend","timestamp":"2026-03-21 12:36:54"}
{"level":"info","message":"Environment variables successfully validated","service":"deep-research-backend","timestamp":"2026-03-21 12:39:14"}
{"level":"info","message":"🚀 Backend Server running on port 5000 in development mode","service":"deep-research-backend","timestamp":"2026-03-21 12:39:16"}
{"level":"info","message":"📚 API Documentation: http://localhost:5000","service":"deep-research-backend","timestamp":"2026-03-21 12:39:16"}
{"level":"info","message":"🏥 Health Check: http://localhost:5000/health","service":"deep-research-backend","timestamp":"2026-03-21 12:39:16"}
{"level":"info","message":"Environment variables successfully validated","service":"deep-research-backend","timestamp":"2026-03-21 12:39:39"}
{"level":"info","message":"🚀 Backend Server running on port 5000 in development mode","service":"deep-research-backend","timestamp":"2026-03-21 12:39:41"}
{"level":"info","message":"📚 API Documentation: http://localhost:5000","service":"deep-research-backend","timestamp":"2026-03-21 12:39:41"}
{"level":"info","message":"🏥 Health Check: http://localhost:5000/health","service":"deep-research-backend","timestamp":"2026-03-21 12:39:41"}
{"level":"error","message":"Error: Only PDFs are allowed for RAG ingestion stack: Error: Only PDFs are allowed for RAG ingestion\n    at fileFilter (K:\\program\\Project\\Deep_Research_Assistant\\backend\\routes\\uploadRoutes.js:19:10)\n    at wrappedFileFilter (K:\\program\\Project\\Deep_Research_Assistant\\backend\\node_modules\\multer\\index.js:44:7)\n    at Multipart.<anonymous> (K:\\program\\Project\\Deep_Research_Assistant\\backend\\node_modules\\multer\\lib\\make-middleware.js:109:7)\n    at Multipart.emit (node:events:508:28)\n    at HeaderParser.cb (K:\\program\\Project\\Deep_Research_Assistant\\backend\\node_modules\\busboy\\lib\\types\\multipart.js:358:14)\n    at HeaderParser.push (K:\\program\\Project\\Deep_Research_Assistant\\backend\\node_modules\\busboy\\lib\\types\\multipart.js:162:20)\n    at SBMH.ssCb [as _cb] (K:\\program\\Project\\Deep_Research_Assistant\\backend\\node_modules\\busboy\\lib\\types\\multipart.js:394:37)\n    at feed (K:\\program\\Project\\Deep_Research_Assistant\\backend\\node_modules\\streamsearch\\lib\\sbmh.js:248:10)\n    at SBMH.push (K:\\program\\Project\\Deep_Research_Assistant\\backend\\node_modules\\streamsearch\\lib\\sbmh.js:104:16)\n    at Multipart._write (K:\\program\\Project\\Deep_Research_Assistant\\backend\\node_modules\\busboy\\lib\\types\\multipart.js:567:19)","method":"POST","path":"/api/v1/uploads","service":"deep-research-backend","statusCode":500,"timestamp":"2026-03-21 12:47:16"}
{"level":"info","message":"\u001b[0mPOST /api/v1/uploads \u001b[31m500\u001b[0m 37.194 ms - 1347\u001b[0m","service":"deep-research-backend","timestamp":"2026-03-21 12:47:16"}
{"level":"error","message":"Error: Only PDFs are allowed for RAG ingestion stack: Error: Only PDFs are allowed for RAG ingestion\n    at fileFilter (K:\\program\\Project\\Deep_Research_Assistant\\backend\\routes\\uploadRoutes.js:19:10)\n    at wrappedFileFilter (K:\\program\\Project\\Deep_Research_Assistant\\backend\\node_modules\\multer\\index.js:44:7)\n    at Multipart.<anonymous> (K:\\program\\Project\\Deep_Research_Assistant\\backend\\node_modules\\multer\\lib\\make-middleware.js:109:7)\n    at Multipart.emit (node:events:508:28)\n    at HeaderParser.cb (K:\\program\\Project\\Deep_Research_Assistant\\backend\\node_modules\\busboy\\lib\\types\\multipart.js:358:14)\n    at HeaderParser.push (K:\\program\\Project\\Deep_Research_Assistant\\backend\\node_modules\\busboy\\lib\\types\\multipart.js:162:20)\n    at SBMH.ssCb [as _cb] (K:\\program\\Project\\Deep_Research_Assistant\\backend\\node_modules\\busboy\\lib\\types\\multipart.js:394:37)\n    at feed (K:\\program\\Project\\Deep_Research_Assistant\\backend\\node_modules\\streamsearch\\lib\\sbmh.js:248:10)\n    at SBMH.push (K:\\program\\Project\\Deep_Research_Assistant\\backend\\node_modules\\streamsearch\\lib\\sbmh.js:104:16)\n    at Multipart._write (K:\\program\\Project\\Deep_Research_Assistant\\backend\\node_modules\\busboy\\lib\\types\\multipart.js:567:19)","method":"POST","path":"/api/v1/uploads","service":"deep-research-backend","statusCode":500,"timestamp":"2026-03-21 12:47:22"}
{"level":"info","message":"\u001b[0mPOST /api/v1/uploads \u001b[31m500\u001b[0m 6.090 ms - 1347\u001b[0m","service":"deep-research-backend","timestamp":"2026-03-21 12:47:22"}
{"level":"error","message":"Error: Only PDFs are allowed for RAG ingestion stack: Error: Only PDFs are allowed for RAG ingestion\n    at fileFilter (K:\\program\\Project\\Deep_Research_Assistant\\backend\\routes\\uploadRoutes.js:19:10)\n    at wrappedFileFilter (K:\\program\\Project\\Deep_Research_Assistant\\backend\\node_modules\\multer\\index.js:44:7)\n    at Multipart.<anonymous> (K:\\program\\Project\\Deep_Research_Assistant\\backend\\node_modules\\multer\\lib\\make-middleware.js:109:7)\n    at Multipart.emit (node:events:508:28)\n    at HeaderParser.cb (K:\\program\\Project\\Deep_Research_Assistant\\backend\\node_modules\\busboy\\lib\\types\\multipart.js:358:14)\n    at HeaderParser.push (K:\\program\\Project\\Deep_Research_Assistant\\backend\\node_modules\\busboy\\lib\\types\\multipart.js:162:20)\n    at SBMH.ssCb [as _cb] (K:\\program\\Project\\Deep_Research_Assistant\\backend\\node_modules\\busboy\\lib\\types\\multipart.js:394:37)\n    at feed (K:\\program\\Project\\Deep_Research_Assistant\\backend\\node_modules\\streamsearch\\lib\\sbmh.js:248:10)\n    at SBMH.push (K:\\program\\Project\\Deep_Research_Assistant\\backend\\node_modules\\streamsearch\\lib\\sbmh.js:104:16)\n    at Multipart._write (K:\\program\\Project\\Deep_Research_Assistant\\backend\\node_modules\\busboy\\lib\\types\\multipart.js:567:19)","method":"POST","path":"/api/v1/uploads","service":"deep-research-backend","statusCode":500,"timestamp":"2026-03-21 12:47:28"}
{"level":"info","message":"\u001b[0mPOST /api/v1/uploads \u001b[31m500\u001b[0m 7.902 ms - 1347\u001b[0m","service":"deep-research-backend","timestamp":"2026-03-21 12:47:28"}
{"filename":"resume.pdf","level":"info","message":"Upload processing started","service":"deep-research-backend","timestamp":"2026-03-21 12:47:34","uploadId":"69be460e25c2bd967f05008b","userId":"69be274d3713d902de8bc310"}
{"fileSize":44077,"filename":"resume.pdf","level":"info","message":"n8n file upload successful","processingTime":323,"service":"deep-research-backend","timestamp":"2026-03-21 12:47:35"}
{"level":"info","message":"Upload completed","processingTime":356,"service":"deep-research-backend","status":"completed","timestamp":"2026-03-21 12:47:35","uploadId":"69be460e25c2bd967f05008b"}
{"level":"info","message":"\u001b[0mPOST /api/v1/uploads \u001b[32m200\u001b[0m 383.781 ms - 186\u001b[0m","service":"deep-research-backend","timestamp":"2026-03-21 12:47:35"}
{"level":"error","message":"Error: Only PDFs are allowed for RAG ingestion stack: Error: Only PDFs are allowed for RAG ingestion\n    at fileFilter (K:\\program\\Project\\Deep_Research_Assistant\\backend\\routes\\uploadRoutes.js:19:10)\n    at wrappedFileFilter (K:\\program\\Project\\Deep_Research_Assistant\\backend\\node_modules\\multer\\index.js:44:7)\n    at Multipart.<anonymous> (K:\\program\\Project\\Deep_Research_Assistant\\backend\\node_modules\\multer\\lib\\make-middleware.js:109:7)\n    at Multipart.emit (node:events:508:28)\n    at HeaderParser.cb (K:\\program\\Project\\Deep_Research_Assistant\\backend\\node_modules\\busboy\\lib\\types\\multipart.js:358:14)\n    at HeaderParser.push (K:\\program\\Project\\Deep_Research_Assistant\\backend\\node_modules\\busboy\\lib\\types\\multipart.js:162:20)\n    at SBMH.ssCb [as _cb] (K:\\program\\Project\\Deep_Research_Assistant\\backend\\node_modules\\busboy\\lib\\types\\multipart.js:394:37)\n    at feed (K:\\program\\Project\\Deep_Research_Assistant\\backend\\node_modules\\streamsearch\\lib\\sbmh.js:248:10)\n    at SBMH.push (K:\\program\\Project\\Deep_Research_Assistant\\backend\\node_modules\\streamsearch\\lib\\sbmh.js:104:16)\n    at Multipart._write (K:\\program\\Project\\Deep_Research_Assistant\\backend\\node_modules\\busboy\\lib\\types\\multipart.js:567:19)","method":"POST","path":"/api/v1/uploads","service":"deep-research-backend","statusCode":500,"timestamp":"2026-03-21 12:48:53"}
{"level":"info","message":"\u001b[0mPOST /api/v1/uploads \u001b[31m500\u001b[0m 6.434 ms - 1347\u001b[0m","service":"deep-research-backend","timestamp":"2026-03-21 12:48:53"}
{"level":"error","message":"Error: Only PDFs are allowed for RAG ingestion stack: Error: Only PDFs are allowed for RAG ingestion\n    at fileFilter (K:\\program\\Project\\Deep_Research_Assistant\\backend\\routes\\uploadRoutes.js:19:10)\n    at wrappedFileFilter (K:\\program\\Project\\Deep_Research_Assistant\\backend\\node_modules\\multer\\index.js:44:7)\n    at Multipart.<anonymous> (K:\\program\\Project\\Deep_Research_Assistant\\backend\\node_modules\\multer\\lib\\make-middleware.js:109:7)\n    at Multipart.emit (node:events:508:28)\n    at HeaderParser.cb (K:\\program\\Project\\Deep_Research_Assistant\\backend\\node_modules\\busboy\\lib\\types\\multipart.js:358:14)\n    at HeaderParser.push (K:\\program\\Project\\Deep_Research_Assistant\\backend\\node_modules\\busboy\\lib\\types\\multipart.js:162:20)\n    at SBMH.ssCb [as _cb] (K:\\program\\Project\\Deep_Research_Assistant\\backend\\node_modules\\busboy\\lib\\types\\multipart.js:394:37)\n    at feed (K:\\program\\Project\\Deep_Research_Assistant\\backend\\node_modules\\streamsearch\\lib\\sbmh.js:248:10)\n    at SBMH.push (K:\\program\\Project\\Deep_Research_Assistant\\backend\\node_modules\\streamsearch\\lib\\sbmh.js:104:16)\n    at Multipart._write (K:\\program\\Project\\Deep_Research_Assistant\\backend\\node_modules\\busboy\\lib\\types\\multipart.js:567:19)","method":"POST","path":"/api/v1/uploads","service":"deep-research-backend","statusCode":500,"timestamp":"2026-03-21 12:48:59"}
{"level":"info","message":"\u001b[0mPOST /api/v1/uploads \u001b[31m500\u001b[0m 5.683 ms - 1347\u001b[0m","service":"deep-research-backend","timestamp":"2026-03-21 12:48:59"}
{"filename":"UX-V1.pdf","level":"info","message":"Upload processing started","service":"deep-research-backend","timestamp":"2026-03-21 12:49:01","uploadId":"69be466525c2bd967f050091","userId":"69be274d3713d902de8bc310"}
{"fileSize":2230311,"filename":"UX-V1.pdf","level":"info","message":"n8n file upload successful","processingTime":258,"service":"deep-research-backend","timestamp":"2026-03-21 12:49:01"}
{"level":"info","message":"Upload completed","processingTime":263,"service":"deep-research-backend","status":"completed","timestamp":"2026-03-21 12:49:01","uploadId":"69be466525c2bd967f050091"}
{"level":"info","message":"\u001b[0mPOST /api/v1/uploads \u001b[32m200\u001b[0m 317.870 ms - 185\u001b[0m","service":"deep-research-backend","timestamp":"2026-03-21 12:49:01"}
{"level":"error","message":"Error: Only PDFs are allowed for RAG ingestion stack: Error: Only PDFs are allowed for RAG ingestion\n    at fileFilter (K:\\program\\Project\\Deep_Research_Assistant\\backend\\routes\\uploadRoutes.js:19:10)\n    at wrappedFileFilter (K:\\program\\Project\\Deep_Research_Assistant\\backend\\node_modules\\multer\\index.js:44:7)\n    at Multipart.<anonymous> (K:\\program\\Project\\Deep_Research_Assistant\\backend\\node_modules\\multer\\lib\\make-middleware.js:109:7)\n    at Multipart.emit (node:events:508:28)\n    at HeaderParser.cb (K:\\program\\Project\\Deep_Research_Assistant\\backend\\node_modules\\busboy\\lib\\types\\multipart.js:358:14)\n    at HeaderParser.push (K:\\program\\Project\\Deep_Research_Assistant\\backend\\node_modules\\busboy\\lib\\types\\multipart.js:162:20)\n    at SBMH.ssCb [as _cb] (K:\\program\\Project\\Deep_Research_Assistant\\backend\\node_modules\\busboy\\lib\\types\\multipart.js:394:37)\n    at feed (K:\\program\\Project\\Deep_Research_Assistant\\backend\\node_modules\\streamsearch\\lib\\sbmh.js:248:10)\n    at SBMH.push (K:\\program\\Project\\Deep_Research_Assistant\\backend\\node_modules\\streamsearch\\lib\\sbmh.js:104:16)\n    at Multipart._write (K:\\program\\Project\\Deep_Research_Assistant\\backend\\node_modules\\busboy\\lib\\types\\multipart.js:567:19)","method":"POST","path":"/api/v1/uploads","service":"deep-research-backend","statusCode":500,"timestamp":"2026-03-21 12:49:05"}
{"level":"info","message":"\u001b[0mPOST /api/v1/uploads \u001b[31m500\u001b[0m 5.787 ms - 1347\u001b[0m","service":"deep-research-backend","timestamp":"2026-03-21 12:49:05"}
{"filename":"Trip to keralam.pdf","level":"info","message":"Upload processing started","service":"deep-research-backend","timestamp":"2026-03-21 12:49:34","uploadId":"69be468625c2bd967f050096","userId":"69be274d3713d902de8bc310"}
{"fileSize":309267,"filename":"Trip to keralam.pdf","level":"info","message":"n8n file upload successful","processingTime":252,"service":"deep-research-backend","timestamp":"2026-03-21 12:49:34"}
{"level":"info","message":"Upload completed","processingTime":259,"service":"deep-research-backend","status":"completed","timestamp":"2026-03-21 12:49:34","uploadId":"69be468625c2bd967f050096"}
{"level":"info","message":"\u001b[0mPOST /api/v1/uploads \u001b[32m200\u001b[0m 271.894 ms - 195\u001b[0m","service":"deep-research-backend","timestamp":"2026-03-21 12:49:34"}
{"filename":"EV_Racing_Rules (7).pdf","level":"info","message":"Upload processing started","service":"deep-research-backend","timestamp":"2026-03-21 12:50:25","uploadId":"69be46b925c2bd967f05009a","userId":"69be274d3713d902de8bc310"}
{"fileSize":1402215,"filename":"EV_Racing_Rules (7).pdf","level":"info","message":"n8n file upload successful","processingTime":336,"service":"deep-research-backend","timestamp":"2026-03-21 12:50:26"}
{"level":"info","message":"Upload completed","processingTime":341,"service":"deep-research-backend","status":"completed","timestamp":"2026-03-21 12:50:26","uploadId":"69be46b925c2bd967f05009a"}
{"level":"info","message":"\u001b[0mPOST /api/v1/uploads \u001b[32m200\u001b[0m 378.295 ms - 199\u001b[0m","service":"deep-research-backend","timestamp":"2026-03-21 12:50:26"}
{"filename":"Trip to keralam.pdf","level":"info","message":"Upload processing started","service":"deep-research-backend","timestamp":"2026-03-21 12:56:36","uploadId":"69be482c25c2bd967f05009e","userId":"69be274d3713d902de8bc310"}
{"fileSize":309267,"filename":"Trip to keralam.pdf","level":"info","message":"n8n file upload successful","processingTime":188,"service":"deep-research-backend","timestamp":"2026-03-21 12:56:36"}
{"level":"info","message":"Upload completed","processingTime":195,"service":"deep-research-backend","status":"completed","timestamp":"2026-03-21 12:56:36","uploadId":"69be482c25c2bd967f05009e"}
{"level":"info","message":"\u001b[0mPOST /api/v1/uploads \u001b[32m200\u001b[0m 203.822 ms - 195\u001b[0m","service":"deep-research-backend","timestamp":"2026-03-21 12:56:36"}
{"level":"error","message":"Error: Only PDFs are allowed for RAG ingestion stack: Error: Only PDFs are allowed for RAG ingestion\n    at fileFilter (K:\\program\\Project\\Deep_Research_Assistant\\backend\\routes\\uploadRoutes.js:19:10)\n    at wrappedFileFilter (K:\\program\\Project\\Deep_Research_Assistant\\backend\\node_modules\\multer\\index.js:44:7)\n    at Multipart.<anonymous> (K:\\program\\Project\\Deep_Research_Assistant\\backend\\node_modules\\multer\\lib\\make-middleware.js:109:7)\n    at Multipart.emit (node:events:508:28)\n    at HeaderParser.cb (K:\\program\\Project\\Deep_Research_Assistant\\backend\\node_modules\\busboy\\lib\\types\\multipart.js:358:14)\n    at HeaderParser.push (K:\\program\\Project\\Deep_Research_Assistant\\backend\\node_modules\\busboy\\lib\\types\\multipart.js:162:20)\n    at SBMH.ssCb [as _cb] (K:\\program\\Project\\Deep_Research_Assistant\\backend\\node_modules\\busboy\\lib\\types\\multipart.js:394:37)\n    at feed (K:\\program\\Project\\Deep_Research_Assistant\\backend\\node_modules\\streamsearch\\lib\\sbmh.js:248:10)\n    at SBMH.push (K:\\program\\Project\\Deep_Research_Assistant\\backend\\node_modules\\streamsearch\\lib\\sbmh.js:104:16)\n    at Multipart._write (K:\\program\\Project\\Deep_Research_Assistant\\backend\\node_modules\\busboy\\lib\\types\\multipart.js:567:19)","method":"POST","path":"/api/v1/uploads","service":"deep-research-backend","statusCode":500,"timestamp":"2026-03-21 12:59:52"}
{"level":"info","message":"\u001b[0mPOST /api/v1/uploads \u001b[31m500\u001b[0m 6.443 ms - 1347\u001b[0m","service":"deep-research-backend","timestamp":"2026-03-21 12:59:52"}
{"filename":"Kanishkar_M.pdf","level":"info","message":"Upload processing started","service":"deep-research-backend","timestamp":"2026-03-21 12:59:58","uploadId":"69be48f625c2bd967f0500a3","userId":"69be274d3713d902de8bc310"}
{"level":"error","message":"Error: Only PDFs are allowed for RAG ingestion stack: Error: Only PDFs are allowed for RAG ingestion\n    at fileFilter (K:\\program\\Project\\Deep_Research_Assistant\\backend\\routes\\uploadRoutes.js:19:10)\n    at wrappedFileFilter (K:\\program\\Project\\Deep_Research_Assistant\\backend\\node_modules\\multer\\index.js:44:7)\n    at Multipart.<anonymous> (K:\\program\\Project\\Deep_Research_Assistant\\backend\\node_modules\\multer\\lib\\make-middleware.js:109:7)\n    at Multipart.emit (node:events:508:28)\n    at HeaderParser.cb (K:\\program\\Project\\Deep_Research_Assistant\\backend\\node_modules\\busboy\\lib\\types\\multipart.js:358:14)\n    at HeaderParser.push (K:\\program\\Project\\Deep_Research_Assistant\\backend\\node_modules\\busboy\\lib\\types\\multipart.js:162:20)\n    at SBMH.ssCb [as _cb] (K:\\program\\Project\\Deep_Research_Assistant\\backend\\node_modules\\busboy\\lib\\types\\multipart.js:394:37)\n    at feed (K:\\program\\Project\\Deep_Research_Assistant\\backend\\node_modules\\streamsearch\\lib\\sbmh.js:248:10)\n    at SBMH.push (K:\\program\\Project\\Deep_Research_Assistant\\backend\\node_modules\\streamsearch\\lib\\sbmh.js:104:16)\n    at Multipart._write (K:\\program\\Project\\Deep_Research_Assistant\\backend\\node_modules\\busboy\\lib\\types\\multipart.js:567:19)","method":"POST","path":"/api/v1/uploads","service":"deep-research-backend","statusCode":500,"timestamp":"2026-03-21 12:59:58"}
{"level":"info","message":"\u001b[0mPOST /api/v1/uploads \u001b[31m500\u001b[0m 6.387 ms - 1347\u001b[0m","service":"deep-research-backend","timestamp":"2026-03-21 12:59:58"}
{"fileSize":278187,"filename":"Kanishkar_M.pdf","level":"info","message":"n8n file upload successful","processingTime":255,"service":"deep-research-backend","timestamp":"2026-03-21 12:59:58"}
{"level":"info","message":"Upload completed","processingTime":260,"service":"deep-research-backend","status":"completed","timestamp":"2026-03-21 12:59:58","uploadId":"69be48f625c2bd967f0500a3"}
{"level":"info","message":"\u001b[0mPOST /api/v1/uploads \u001b[32m200\u001b[0m 278.309 ms - 191\u001b[0m","service":"deep-research-backend","timestamp":"2026-03-21 12:59:58"}
{"level":"error","message":"Error: Only PDFs are allowed for RAG ingestion stack: Error: Only PDFs are allowed for RAG ingestion\n    at fileFilter (K:\\program\\Project\\Deep_Research_Assistant\\backend\\routes\\uploadRoutes.js:19:10)\n    at wrappedFileFilter (K:\\program\\Project\\Deep_Research_Assistant\\backend\\node_modules\\multer\\index.js:44:7)\n    at Multipart.<anonymous> (K:\\program\\Project\\Deep_Research_Assistant\\backend\\node_modules\\multer\\lib\\make-middleware.js:109:7)\n    at Multipart.emit (node:events:508:28)\n    at HeaderParser.cb (K:\\program\\Project\\Deep_Research_Assistant\\backend\\node_modules\\busboy\\lib\\types\\multipart.js:358:14)\n    at HeaderParser.push (K:\\program\\Project\\Deep_Research_Assistant\\backend\\node_modules\\busboy\\lib\\types\\multipart.js:162:20)\n    at SBMH.ssCb [as _cb] (K:\\program\\Project\\Deep_Research_Assistant\\backend\\node_modules\\busboy\\lib\\types\\multipart.js:394:37)\n    at feed (K:\\program\\Project\\Deep_Research_Assistant\\backend\\node_modules\\streamsearch\\lib\\sbmh.js:248:10)\n    at SBMH.push (K:\\program\\Project\\Deep_Research_Assistant\\backend\\node_modules\\streamsearch\\lib\\sbmh.js:104:16)\n    at Multipart._write (K:\\program\\Project\\Deep_Research_Assistant\\backend\\node_modules\\busboy\\lib\\types\\multipart.js:567:19)","method":"POST","path":"/api/v1/uploads","service":"deep-research-backend","statusCode":500,"timestamp":"2026-03-21 12:59:59"}
{"level":"info","message":"\u001b[0mPOST /api/v1/uploads \u001b[31m500\u001b[0m 5.483 ms - 1347\u001b[0m","service":"deep-research-backend","timestamp":"2026-03-21 12:59:59"}
{"filename":"Trip.pdf","level":"info","message":"Upload processing started","service":"deep-research-backend","timestamp":"2026-03-21 13:00:16","uploadId":"69be490825c2bd967f0500a9","userId":"69be274d3713d902de8bc310"}
{"fileSize":38218,"filename":"Trip.pdf","level":"info","message":"n8n file upload successful","processingTime":269,"service":"deep-research-backend","timestamp":"2026-03-21 13:00:17"}
{"level":"info","message":"Upload completed","processingTime":275,"service":"deep-research-backend","status":"completed","timestamp":"2026-03-21 13:00:17","uploadId":"69be490825c2bd967f0500a9"}
{"level":"info","message":"\u001b[0mPOST /api/v1/uploads \u001b[32m200\u001b[0m 284.864 ms - 184\u001b[0m","service":"deep-research-backend","timestamp":"2026-03-21 13:00:17"}
{"level":"info","message":"Environment variables successfully validated","service":"deep-research-backend","timestamp":"2026-03-21 13:10:52"}
{"level":"info","message":"🚀 Backend Server running on port 5000 in development mode","service":"deep-research-backend","timestamp":"2026-03-21 13:10:57"}
{"level":"info","message":"📚 API Documentation: http://localhost:5000","service":"deep-research-backend","timestamp":"2026-03-21 13:10:57"}
{"level":"info","message":"🏥 Health Check: http://localhost:5000/health","service":"deep-research-backend","timestamp":"2026-03-21 13:10:57"}
{"level":"info","message":"Environment variables successfully validated","service":"deep-research-backend","timestamp":"2026-03-21 13:11:12"}
{"level":"info","message":"🚀 Backend Server running on port 5000 in development mode","service":"deep-research-backend","timestamp":"2026-03-21 13:11:16"}
{"level":"info","message":"📚 API Documentation: http://localhost:5000","service":"deep-research-backend","timestamp":"2026-03-21 13:11:16"}
{"level":"info","message":"🏥 Health Check: http://localhost:5000/health","service":"deep-research-backend","timestamp":"2026-03-21 13:11:16"}
{"filename":"Book1.pdf","level":"info","message":"Upload processing started","service":"deep-research-backend","timestamp":"2026-03-21 13:11:32","uploadId":"69be4bac3935fae724aba8d4","userId":"69be274d3713d902de8bc310"}
{"contentType":"multipart/form-data; boundary=--------------------------d41d49e55d146e30be6ab1f7","filename":"Book1.pdf","level":"info","message":"Sending file to n8n upload webhook","service":"deep-research-backend","size":31434,"timestamp":"2026-03-21 13:11:32","webhook":"http://localhost:5678/webhook/upload"}
{"fileSize":31434,"filename":"Book1.pdf","level":"info","message":"n8n file upload successful","processingTime":280,"service":"deep-research-backend","timestamp":"2026-03-21 13:11:32"}
{"level":"info","message":"Upload completed successfully","processingTime":312,"service":"deep-research-backend","timestamp":"2026-03-21 13:11:32","uploadId":"69be4bac3935fae724aba8d4"}
{"level":"info","message":"\u001b[0mPOST /api/v1/uploads \u001b[32m200\u001b[0m 379.613 ms - 181\u001b[0m","service":"deep-research-backend","timestamp":"2026-03-21 13:11:32"}
{"level":"error","message":"Error: Only PDFs are allowed for RAG ingestion stack: Error: Only PDFs are allowed for RAG ingestion\n    at fileFilter (K:\\program\\Project\\Deep_Research_Assistant\\backend\\routes\\uploadRoutes.js:19:10)\n    at wrappedFileFilter (K:\\program\\Project\\Deep_Research_Assistant\\backend\\node_modules\\multer\\index.js:44:7)\n    at Multipart.<anonymous> (K:\\program\\Project\\Deep_Research_Assistant\\backend\\node_modules\\multer\\lib\\make-middleware.js:109:7)\n    at Multipart.emit (node:events:508:28)\n    at HeaderParser.cb (K:\\program\\Project\\Deep_Research_Assistant\\backend\\node_modules\\busboy\\lib\\types\\multipart.js:358:14)\n    at HeaderParser.push (K:\\program\\Project\\Deep_Research_Assistant\\backend\\node_modules\\busboy\\lib\\types\\multipart.js:162:20)\n    at SBMH.ssCb [as _cb] (K:\\program\\Project\\Deep_Research_Assistant\\backend\\node_modules\\busboy\\lib\\types\\multipart.js:394:37)\n    at feed (K:\\program\\Project\\Deep_Research_Assistant\\backend\\node_modules\\streamsearch\\lib\\sbmh.js:219:14)\n    at SBMH.push (K:\\program\\Project\\Deep_Research_Assistant\\backend\\node_modules\\streamsearch\\lib\\sbmh.js:104:16)\n    at Multipart._write (K:\\program\\Project\\Deep_Research_Assistant\\backend\\node_modules\\busboy\\lib\\types\\multipart.js:567:19)","method":"POST","path":"/api/v1/uploads","service":"deep-research-backend","statusCode":500,"timestamp":"2026-03-21 13:14:42"}
{"level":"info","message":"\u001b[0mPOST /api/v1/uploads \u001b[31m500\u001b[0m 12.438 ms - 1347\u001b[0m","service":"deep-research-backend","timestamp":"2026-03-21 13:14:42"}
{"level":"error","message":"Error: Only PDFs are allowed for RAG ingestion stack: Error: Only PDFs are allowed for RAG ingestion\n    at fileFilter (K:\\program\\Project\\Deep_Research_Assistant\\backend\\routes\\uploadRoutes.js:19:10)\n    at wrappedFileFilter (K:\\program\\Project\\Deep_Research_Assistant\\backend\\node_modules\\multer\\index.js:44:7)\n    at Multipart.<anonymous> (K:\\program\\Project\\Deep_Research_Assistant\\backend\\node_modules\\multer\\lib\\make-middleware.js:109:7)\n    at Multipart.emit (node:events:508:28)\n    at HeaderParser.cb (K:\\program\\Project\\Deep_Research_Assistant\\backend\\node_modules\\busboy\\lib\\types\\multipart.js:358:14)\n    at HeaderParser.push (K:\\program\\Project\\Deep_Research_Assistant\\backend\\node_modules\\busboy\\lib\\types\\multipart.js:162:20)\n    at SBMH.ssCb [as _cb] (K:\\program\\Project\\Deep_Research_Assistant\\backend\\node_modules\\busboy\\lib\\types\\multipart.js:394:37)\n    at feed (K:\\program\\Project\\Deep_Research_Assistant\\backend\\node_modules\\streamsearch\\lib\\sbmh.js:219:14)\n    at SBMH.push (K:\\program\\Project\\Deep_Research_Assistant\\backend\\node_modules\\streamsearch\\lib\\sbmh.js:104:16)\n    at Multipart._write (K:\\program\\Project\\Deep_Research_Assistant\\backend\\node_modules\\busboy\\lib\\types\\multipart.js:567:19)","method":"POST","path":"/api/v1/uploads","service":"deep-research-backend","statusCode":500,"timestamp":"2026-03-21 13:14:43"}
{"level":"info","message":"\u001b[0mPOST /api/v1/uploads \u001b[31m500\u001b[0m 5.928 ms - 1347\u001b[0m","service":"deep-research-backend","timestamp":"2026-03-21 13:14:43"}
{"level":"error","message":"Error: Only PDFs are allowed for RAG ingestion stack: Error: Only PDFs are allowed for RAG ingestion\n    at fileFilter (K:\\program\\Project\\Deep_Research_Assistant\\backend\\routes\\uploadRoutes.js:19:10)\n    at wrappedFileFilter (K:\\program\\Project\\Deep_Research_Assistant\\backend\\node_modules\\multer\\index.js:44:7)\n    at Multipart.<anonymous> (K:\\program\\Project\\Deep_Research_Assistant\\backend\\node_modules\\multer\\lib\\make-middleware.js:109:7)\n    at Multipart.emit (node:events:508:28)\n    at HeaderParser.cb (K:\\program\\Project\\Deep_Research_Assistant\\backend\\node_modules\\busboy\\lib\\types\\multipart.js:358:14)\n    at HeaderParser.push (K:\\program\\Project\\Deep_Research_Assistant\\backend\\node_modules\\busboy\\lib\\types\\multipart.js:162:20)\n    at SBMH.ssCb [as _cb] (K:\\program\\Project\\Deep_Research_Assistant\\backend\\node_modules\\busboy\\lib\\types\\multipart.js:394:37)\n    at feed (K:\\program\\Project\\Deep_Research_Assistant\\backend\\node_modules\\streamsearch\\lib\\sbmh.js:219:14)\n    at SBMH.push (K:\\program\\Project\\Deep_Research_Assistant\\backend\\node_modules\\streamsearch\\lib\\sbmh.js:104:16)\n    at Multipart._write (K:\\program\\Project\\Deep_Research_Assistant\\backend\\node_modules\\busboy\\lib\\types\\multipart.js:567:19)","method":"POST","path":"/api/v1/uploads","service":"deep-research-backend","statusCode":500,"timestamp":"2026-03-21 13:14:44"}
{"level":"info","message":"\u001b[0mPOST /api/v1/uploads \u001b[31m500\u001b[0m 13.573 ms - 1347\u001b[0m","service":"deep-research-backend","timestamp":"2026-03-21 13:14:44"}
{"filename":"Kanishkar_M.pdf","level":"info","message":"Upload processing started","service":"deep-research-backend","timestamp":"2026-03-21 13:14:51","uploadId":"69be4c733935fae724aba8db","userId":"69be274d3713d902de8bc310"}
{"contentType":"multipart/form-data; boundary=--------------------------f4afce4f42417e400ca1e737","filename":"Kanishkar_M.pdf","level":"info","message":"Sending file to n8n upload webhook","service":"deep-research-backend","size":278187,"timestamp":"2026-03-21 13:14:51","webhook":"http://localhost:5678/webhook/upload"}
{"fileSize":278187,"filename":"Kanishkar_M.pdf","level":"info","message":"n8n file upload successful","processingTime":573,"service":"deep-research-backend","timestamp":"2026-03-21 13:14:52"}
{"level":"info","message":"Upload completed successfully","processingTime":611,"service":"deep-research-backend","timestamp":"2026-03-21 13:14:52","uploadId":"69be4c733935fae724aba8db"}
{"level":"info","message":"\u001b[0mPOST /api/v1/uploads \u001b[32m200\u001b[0m 687.747 ms - 187\u001b[0m","service":"deep-research-backend","timestamp":"2026-03-21 13:14:52"}
{"filename":"Book1.pdf","level":"info","message":"Upload processing started","service":"deep-research-backend","timestamp":"2026-03-21 13:15:24","uploadId":"69be4c943935fae724aba8df","userId":"69be274d3713d902de8bc310"}
{"contentType":"multipart/form-data; boundary=--------------------------bd4ff8d782fa2f884e9a6dfc","filename":"Book1.pdf","level":"info","message":"Sending file to n8n upload webhook","service":"deep-research-backend","size":31434,"timestamp":"2026-03-21 13:15:24","webhook":"http://localhost:5678/webhook/upload"}
{"fileSize":31434,"filename":"Book1.pdf","level":"info","message":"n8n file upload successful","processingTime":295,"service":"deep-research-backend","timestamp":"2026-03-21 13:15:25"}
{"level":"info","message":"Upload completed successfully","processingTime":302,"service":"deep-research-backend","timestamp":"2026-03-21 13:15:25","uploadId":"69be4c943935fae724aba8df"}
{"level":"info","message":"\u001b[0mPOST /api/v1/uploads \u001b[32m200\u001b[0m 314.959 ms - 181\u001b[0m","service":"deep-research-backend","timestamp":"2026-03-21 13:15:25"}
{"filename":"Trip to keralam.pdf","level":"info","message":"Upload processing started","service":"deep-research-backend","timestamp":"2026-03-21 13:20:52","uploadId":"69be4ddc3935fae724aba8e3","userId":"69be274d3713d902de8bc310"}
{"contentType":"multipart/form-data; boundary=--------------------------961f54078e5a8da20dbcca92","filename":"Trip to keralam.pdf","level":"info","message":"Sending file to n8n upload webhook","service":"deep-research-backend","size":309267,"timestamp":"2026-03-21 13:20:52","webhook":"http://localhost:5678/webhook/upload"}
{"fileSize":309267,"filename":"Trip to keralam.pdf","level":"info","message":"n8n file upload successful","processingTime":328,"service":"deep-research-backend","timestamp":"2026-03-21 13:20:52"}
{"level":"info","message":"Upload completed successfully","processingTime":335,"service":"deep-research-backend","timestamp":"2026-03-21 13:20:52","uploadId":"69be4ddc3935fae724aba8e3"}
{"level":"info","message":"\u001b[0mPOST /api/v1/uploads \u001b[32m200\u001b[0m 356.895 ms - 191\u001b[0m","service":"deep-research-backend","timestamp":"2026-03-21 13:20:52"}
{"level":"info","message":"Environment variables successfully validated","service":"deep-research-backend","timestamp":"2026-03-21 13:23:34"}
{"level":"info","message":"🚀 Backend Server running on port 5000 in development mode","service":"deep-research-backend","timestamp":"2026-03-21 13:23:37"}
{"level":"info","message":"📚 API Documentation: http://localhost:5000","service":"deep-research-backend","timestamp":"2026-03-21 13:23:37"}
{"level":"info","message":"🏥 Health Check: http://localhost:5000/health","service":"deep-research-backend","timestamp":"2026-03-21 13:23:37"}
{"filename":"Mess fees Jan 2026.pdf","level":"info","message":"Upload processing started","service":"deep-research-backend","timestamp":"2026-03-21 13:23:58","uploadId":"69be4e967f96ff5016682ef8","userId":"69be274d3713d902de8bc310"}
{"contentType":"multipart/form-data; boundary=--------------------------4fc5fec81f64c95148c49c98","filename":"Mess fees Jan 2026.pdf","level":"info","message":"Sending file to n8n upload webhook","service":"deep-research-backend","size":89520,"timestamp":"2026-03-21 13:23:58","webhook":"http://localhost:5678/webhook/upload"}
{"fileSize":89520,"filename":"Mess fees Jan 2026.pdf","level":"info","message":"n8n file upload successful","processingTime":348,"service":"deep-research-backend","timestamp":"2026-03-21 13:23:58"}
{"level":"info","message":"Upload completed successfully","processingTime":381,"service":"deep-research-backend","timestamp":"2026-03-21 13:23:58","uploadId":"69be4e967f96ff5016682ef8"}
{"level":"info","message":"\u001b[0mPOST /api/v1/uploads \u001b[32m200\u001b[0m 459.796 ms - 194\u001b[0m","service":"deep-research-backend","timestamp":"2026-03-21 13:23:58"}
{"filename":"EV_Racing_Rules (7).pdf","level":"info","message":"Upload processing started","service":"deep-research-backend","timestamp":"2026-03-21 13:28:14","uploadId":"69be4f967f96ff5016682efc","userId":"69be274d3713d902de8bc310"}
{"contentType":"multipart/form-data; boundary=--------------------------33611a93ea78095df1bb36e5","filename":"EV_Racing_Rules (7).pdf","level":"info","message":"Sending file to n8n upload webhook","service":"deep-research-backend","size":1402215,"timestamp":"2026-03-21 13:28:14","webhook":"http://localhost:5678/webhook/upload"}
{"fileSize":1402215,"filename":"EV_Racing_Rules (7).pdf","level":"info","message":"n8n file upload successful","processingTime":316,"service":"deep-research-backend","timestamp":"2026-03-21 13:28:14"}
{"level":"info","message":"Upload completed successfully","processingTime":325,"service":"deep-research-backend","timestamp":"2026-03-21 13:28:14","uploadId":"69be4f967f96ff5016682efc"}
{"level":"info","message":"\u001b[0mPOST /api/v1/uploads \u001b[32m200\u001b[0m 373.460 ms - 195\u001b[0m","service":"deep-research-backend","timestamp":"2026-03-21 13:28:14"}
{"filename":"UX-V2.pdf","level":"info","message":"Upload processing started","service":"deep-research-backend","timestamp":"2026-03-21 13:30:47","uploadId":"69be502f7f96ff5016682f00","userId":"69be274d3713d902de8bc310"}
{"contentType":"multipart/form-data; boundary=--------------------------a1bcfe2ae29d3a7e59179c87","filename":"UX-V2.pdf","level":"info","message":"Sending file to n8n upload webhook","service":"deep-research-backend","size":2402177,"timestamp":"2026-03-21 13:30:47","webhook":"http://localhost:5678/webhook/upload"}
{"fileSize":2402177,"filename":"UX-V2.pdf","level":"info","message":"n8n file upload successful","processingTime":12747,"service":"deep-research-backend","timestamp":"2026-03-21 13:31:00"}
{"level":"info","message":"Upload completed successfully","processingTime":12753,"service":"deep-research-backend","timestamp":"2026-03-21 13:31:00","uploadId":"69be502f7f96ff5016682f00"}
{"level":"info","message":"\u001b[0mPOST /api/v1/uploads \u001b[32m200\u001b[0m 12817.412 ms - 183\u001b[0m","service":"deep-research-backend","timestamp":"2026-03-21 13:31:00"}
{"filename":"EIOT-lab-manual.pdf","level":"info","message":"Upload processing started","service":"deep-research-backend","timestamp":"2026-03-21 13:38:16","uploadId":"69be51f07f96ff5016682f04","userId":"69be274d3713d902de8bc310"}
{"contentType":"multipart/form-data; boundary=--------------------------75e7f415a3625d0683823892","filename":"EIOT-lab-manual.pdf","level":"info","message":"Sending file to n8n upload webhook","service":"deep-research-backend","size":3459922,"timestamp":"2026-03-21 13:38:16","webhook":"http://localhost:5678/webhook/upload"}
{"fileSize":3459922,"filename":"EIOT-lab-manual.pdf","level":"info","message":"n8n file upload successful","processingTime":15126,"service":"deep-research-backend","timestamp":"2026-03-21 13:38:31"}
{"level":"info","message":"Upload completed successfully","processingTime":15132,"service":"deep-research-backend","timestamp":"2026-03-21 13:38:31","uploadId":"69be51f07f96ff5016682f04"}
{"level":"info","message":"\u001b[0mPOST /api/v1/uploads \u001b[32m200\u001b[0m 15211.463 ms - 193\u001b[0m","service":"deep-research-backend","timestamp":"2026-03-21 13:38:31"}
{"error":"Request failed with status code 500","level":"warn","message":"Retry attempt 1/3 after 1000ms","service":"deep-research-backend","timestamp":"2026-03-21 13:38:33"}
{"error":"Request failed with status code 500","level":"warn","message":"Retry attempt 2/3 after 2000ms","service":"deep-research-backend","timestamp":"2026-03-21 13:38:35"}
{"error":"Request failed with status code 500","level":"warn","message":"Retry attempt 3/3 after 4000ms","service":"deep-research-backend","timestamp":"2026-03-21 13:38:37"}
{"error":"Request failed with status code 500","level":"error","message":"n8n chat service failed after retries","processingTime":7164,"service":"deep-research-backend","statusCode":500,"timestamp":"2026-03-21 13:38:41"}
{"chatId":"69be52097f96ff5016682f09","level":"info","message":"Chat message processed","processingTime":7186,"service":"deep-research-backend","timestamp":"2026-03-21 13:38:41","userId":"69be274d3713d902de8bc310"}
{"level":"info","message":"\u001b[0mPOST /api/chat \u001b[32m200\u001b[0m 7281.455 ms - 292\u001b[0m","service":"deep-research-backend","timestamp":"2026-03-21 13:38:41"}
{"contextSize":1,"level":"info","message":"n8n chat request successful","messageLength":5,"processingTime":240,"service":"deep-research-backend","timestamp":"2026-03-21 13:40:35"}
{"chatId":"69be527b7f96ff5016682f0d","level":"info","message":"Chat message processed","processingTime":253,"service":"deep-research-backend","timestamp":"2026-03-21 13:40:35","userId":"69be274d3713d902de8bc310"}
{"level":"info","message":"\u001b[0mPOST /api/chat \u001b[32m200\u001b[0m 260.358 ms - 328\u001b[0m","service":"deep-research-backend","timestamp":"2026-03-21 13:40:35"}
{"contextSize":2,"level":"info","message":"n8n chat request successful","messageLength":5,"processingTime":129,"service":"deep-research-backend","timestamp":"2026-03-21 13:46:06"}
{"chatId":"69be53c67f96ff5016682f11","level":"info","message":"Chat message processed","processingTime":141,"service":"deep-research-backend","timestamp":"2026-03-21 13:46:06","userId":"69be274d3713d902de8bc310"}
{"level":"info","message":"\u001b[0mPOST /api/chat \u001b[32m200\u001b[0m 148.678 ms - 328\u001b[0m","service":"deep-research-backend","timestamp":"2026-03-21 13:46:06"}
{"contextSize":3,"level":"info","message":"n8n chat request successful","messageLength":5,"processingTime":3375,"service":"deep-research-backend","timestamp":"2026-03-21 13:48:17"}
{"chatId":"69be54497f96ff5016682f15","level":"info","message":"Chat message processed","processingTime":3382,"service":"deep-research-backend","timestamp":"2026-03-21 13:48:17","userId":"69be274d3713d902de8bc310"}
{"level":"info","message":"\u001b[0mPOST /api/chat \u001b[32m200\u001b[0m 3386.949 ms - 308\u001b[0m","service":"deep-research-backend","timestamp":"2026-03-21 13:48:17"}
{"contextSize":4,"level":"info","message":"n8n chat request successful","messageLength":2,"processingTime":808,"service":"deep-research-backend","timestamp":"2026-03-21 13:48:23"}
{"chatId":"69be544f7f96ff5016682f19","level":"info","message":"Chat message processed","processingTime":816,"service":"deep-research-backend","timestamp":"2026-03-21 13:48:23","userId":"69be274d3713d902de8bc310"}
{"level":"info","message":"\u001b[0mPOST /api/chat \u001b[32m200\u001b[0m 823.628 ms - 341\u001b[0m","service":"deep-research-backend","timestamp":"2026-03-21 13:48:23"}
{"level":"info","message":"Environment variables successfully validated","service":"deep-research-backend","timestamp":"2026-03-21 13:56:26"}
{"level":"info","message":"🚀 Backend Server running on port 5000 in development mode","service":"deep-research-backend","timestamp":"2026-03-21 13:56:29"}
{"level":"info","message":"📚 API Documentation: http://localhost:5000","service":"deep-research-backend","timestamp":"2026-03-21 13:56:29"}
{"level":"info","message":"🏥 Health Check: http://localhost:5000/health","service":"deep-research-backend","timestamp":"2026-03-21 13:56:29"}
{"contextSize":5,"level":"info","message":"n8n chat request successful","messageLength":5,"processingTime":808,"service":"deep-research-backend","timestamp":"2026-03-21 13:57:26"}
{"chatId":"69be566e62b45ac089a1edb0","level":"info","message":"Chat message processed","processingTime":1028,"service":"deep-research-backend","timestamp":"2026-03-21 13:57:26","userId":"69be274d3713d902de8bc310"}
{"level":"info","message":"\u001b[0mPOST /api/chat \u001b[32m200\u001b[0m 1125.957 ms - 293\u001b[0m","service":"deep-research-backend","timestamp":"2026-03-21 13:57:26"}
{"contextSize":5,"level":"info","message":"n8n chat request successful","messageLength":17,"processingTime":746,"service":"deep-research-backend","timestamp":"2026-03-21 13:57:37"}
{"chatId":"69be567962b45ac089a1edb4","level":"info","message":"Chat message processed","processingTime":757,"service":"deep-research-backend","timestamp":"2026-03-21 13:57:37","userId":"69be274d3713d902de8bc310"}
{"level":"info","message":"\u001b[0mPOST /api/chat \u001b[32m200\u001b[0m 764.687 ms - 308\u001b[0m","service":"deep-research-backend","timestamp":"2026-03-21 13:57:37"}
{"contextSize":5,"level":"info","message":"n8n chat request successful","messageLength":19,"processingTime":3520,"service":"deep-research-backend","timestamp":"2026-03-21 13:57:54"}
{"chatId":"69be568a62b45ac089a1edb8","level":"info","message":"Chat message processed","processingTime":3541,"service":"deep-research-backend","timestamp":"2026-03-21 13:57:54","userId":"69be274d3713d902de8bc310"}
{"level":"info","message":"\u001b[0mPOST /api/chat \u001b[32m200\u001b[0m 3568.871 ms - 330\u001b[0m","service":"deep-research-backend","timestamp":"2026-03-21 13:57:54"}
